<?xml version="1.0" encoding="utf-8"?><testsuites name="pytest tests"><testsuite name="pytest" errors="0" failures="0" skipped="0" tests="20" time="2.616" timestamp="2026-08-08T13:23:39.693089+00:00" hostname="agent-env-00616f88-0f19-4c1f-9088-921481bdc3d3"><testcase classname="tests.test_dvd_etebligat.TestCredentialVault" name="test_initial_status_kayitli_degil" time="0.805" /><testcase classname="tests.test_dvd_etebligat.TestEtebligatCheck" name="test_check_basarili_first_call" time="0.926" /><testcase classname="tests.test_dvd_etebligat.TestCredentialVault" name="test_put_creds_returns_no_plaintext" time="0.049" /><testcase classname="tests.test_dvd_etebligat.TestCredentialVault" name="test_encrypted_at_rest" time="0.006" /><testcase classname="tests.test_dvd_etebligat.TestCredentialVault" name="test_partial_update" time="0.048" /><testcase classname="tests.test_dvd_etebligat.TestCredentialVault" name="test_empty_body_400" time="0.087" /><testcase classname="tests.test_dvd_etebligat.TestEtebligatCheck" name="test_dedup_second_call" time="0.055" /><testcase classname="tests.test_dvd_etebligat.TestEtebligatCheck" name="test_list_records" time="0.092" /><testcase classname="tests.test_dvd_etebligat.TestCredentialVault" name="test_get_never_returns_secrets" time="0.045" /><testcase classname="tests.test_dvd_etebligat.TestControlledStates" name="test_scenarios[fail-GIRIS_BASARISIZ]" time="0.048" /><testcase classname="tests.test_dvd_etebligat.TestEtebligatCheck" name="test_pdf_download_from_disk" time="0.111" /><testcase classname="tests.test_dvd_etebligat.TestControlledStates" name="test_scenarios[mfa-MANUEL_DOGRULAMA_GEREKLI]" time="0.091" /><testcase classname="tests.test_dvd_etebligat.TestBulk" name="test_overview" time="0.058" /><testcase classname="tests.test_dvd_etebligat.TestControlledStates" name="test_scenarios[down-SISTEM_ULASILAMIYOR]" time="0.048" /><testcase classname="tests.test_dvd_etebligat.TestControlledStates" name="test_scenarios[empty-KAYIT_BULUNAMADI]" time="0.091" /><testcase classname="tests.test_dvd_etebligat.TestBulk" name="test_bulk_check" time="0.152" /><testcase classname="tests.test_dvd_etebligat.TestIsolation" name="test_two_clients_isolated" time="0.315" /><testcase classname="tests.test_dvd_etebligat.TestBulk" name="test_bulk_empty_400" time="0.047" /><testcase classname="tests.test_dvd_etebligat.TestCredentialDelete" name="test_delete" time="0.103" /><testcase classname="tests.test_dvd_etebligat.TestAuditSecurity" name="test_audit_has_no_secrets" time="0.046" /></testsuite></testsuites>