<?xml version="1.0" encoding="utf-8"?><testsuites name="pytest tests"><testsuite name="pytest" errors="0" failures="0" skipped="0" tests="22" time="8.706" timestamp="2026-08-07T14:48:38.107878+00:00" hostname="agent-env-00616f88-0f19-4c1f-9088-921481bdc3d3"><testcase classname="tests.backend_test.TestAuth" name="test_login_bad" time="0.688" /><testcase classname="tests.backend_test.TestClients" name="test_list" time="0.892" /><testcase classname="tests.backend_test.TestClients" name="test_search" time="0.171" /><testcase classname="tests.backend_test.TestAuth" name="test_me" time="0.419" /><testcase classname="tests.backend_test.TestClients" name="test_filter_tur" time="0.056" /><testcase classname="tests.backend_test.TestAuth" name="test_me_unauth" time="0.151" /><testcase classname="tests.backend_test.TestClients" name="test_create_get_update" time="0.318" /><testcase classname="tests.backend_test.TestDeclarations" name="test_grid" time="0.053" /><testcase classname="tests.backend_test.TestDeclarations" name="test_update" time="0.154" /><testcase classname="tests.backend_test.TestPersonel" name="test_list" time="0.095" /><testcase classname="tests.backend_test.TestDeclarations" name="test_bulk" time="0.141" /><testcase classname="tests.backend_test.TestPersonel" name="test_create_and_delete" time="0.331" /><testcase classname="tests.backend_test.TestAudit" name="test_admin_can_read" time="0.203" /><testcase classname="tests.backend_test.TestAudit" name="test_non_admin_forbidden" time="0.555" /><testcase classname="tests.backend_test.TestEdefter" name="test_get_update" time="0.150" /><testcase classname="tests.backend_test.TestPersonel" name="test_rbac_non_admin_forbidden" time="0.557" /><testcase classname="tests.backend_test.TestDashboard" name="test_dashboard" time="0.099" /><testcase classname="tests.backend_test.TestCari" name="test_transactions_and_accrual_idempotent" time="0.295" /><testcase classname="tests.backend_test.TestTasks" name="test_crud" time="0.446" /><testcase classname="tests.backend_test.TestCalendar" name="test_get_create" time="0.153" /><testcase classname="tests.backend_test.TestAssistant" name="test_assistant" time="5.205" /><testcase classname="tests.backend_test.TestNotifications" name="test_notifications" time="1.418" /></testsuite></testsuites>